2024-04-10 16:44:53,492:WARNING:
'cuml' is a soft dependency and not included in the pycaret installation. Please run: `pip install cuml` to install.
2024-04-10 16:44:53,492:WARNING:
'cuml' is a soft dependency and not included in the pycaret installation. Please run: `pip install cuml` to install.
2024-04-10 16:44:53,492:WARNING:
'cuml' is a soft dependency and not included in the pycaret installation. Please run: `pip install cuml` to install.
2024-04-10 16:44:53,492:WARNING:
'cuml' is a soft dependency and not included in the pycaret installation. Please run: `pip install cuml` to install.
2024-04-10 16:44:59,869:INFO:PyCaret ClassificationExperiment
2024-04-10 16:44:59,869:INFO:Logging name: clf-default-name
2024-04-10 16:44:59,869:INFO:ML Usecase: MLUsecase.CLASSIFICATION
2024-04-10 16:44:59,869:INFO:version 3.3.0
2024-04-10 16:44:59,869:INFO:Initializing setup()
2024-04-10 16:44:59,869:INFO:self.USI: 506f
2024-04-10 16:44:59,869:INFO:self._variable_keys: {'idx', 'is_multiclass', 'data', 'logging_param', 'y_train', 'html_param', 'seed', 'memory', 'exp_name_log', 'gpu_param', 'pipeline', 'X_test', 'fold_generator', 'exp_id', 'fix_imbalance', '_ml_usecase', 'n_jobs_param', 'target_param', 'fold_shuffle_param', 'y', 'fold_groups_param', 'X', '_available_plots', 'log_plots_param', 'gpu_n_jobs_param', 'y_test', 'USI', 'X_train'}
2024-04-10 16:44:59,869:INFO:Checking environment
2024-04-10 16:44:59,869:INFO:python_version: 3.11.8
2024-04-10 16:44:59,869:INFO:python_build: ('main', 'Feb 26 2024 21:39:34')
2024-04-10 16:44:59,869:INFO:machine: x86_64
2024-04-10 16:44:59,869:INFO:platform: Linux-6.5.0-27-generic-x86_64-with-glibc2.35
2024-04-10 16:44:59,869:INFO:Memory: svmem(total=67352395776, available=51082641408, percent=24.2, used=14859403264, free=43893547008, active=16620417024, inactive=5024964608, buffers=516030464, cached=8083415040, shared=667193344, slab=1231269888)
2024-04-10 16:44:59,870:INFO:Physical Core: 12
2024-04-10 16:44:59,870:INFO:Logical Core: 24
2024-04-10 16:44:59,870:INFO:Checking libraries
2024-04-10 16:44:59,870:INFO:System:
2024-04-10 16:44:59,870:INFO:    python: 3.11.8 (main, Feb 26 2024, 21:39:34) [GCC 11.2.0]
2024-04-10 16:44:59,870:INFO:executable: /home/julien/anaconda3/envs/maintenance_env/bin/python
2024-04-10 16:44:59,870:INFO:   machine: Linux-6.5.0-27-generic-x86_64-with-glibc2.35
2024-04-10 16:44:59,870:INFO:PyCaret required dependencies:
2024-04-10 16:44:59,917:INFO:                 pip: 23.3.1
2024-04-10 16:44:59,917:INFO:          setuptools: 68.2.2
2024-04-10 16:44:59,917:INFO:             pycaret: 3.3.0
2024-04-10 16:44:59,917:INFO:             IPython: 8.21.0
2024-04-10 16:44:59,917:INFO:          ipywidgets: 8.1.2
2024-04-10 16:44:59,917:INFO:                tqdm: 4.66.2
2024-04-10 16:44:59,917:INFO:               numpy: 1.26.4
2024-04-10 16:44:59,917:INFO:              pandas: 2.1.4
2024-04-10 16:44:59,917:INFO:              jinja2: 3.1.3
2024-04-10 16:44:59,917:INFO:               scipy: 1.11.4
2024-04-10 16:44:59,917:INFO:              joblib: 1.3.2
2024-04-10 16:44:59,917:INFO:             sklearn: 1.4.1.post1
2024-04-10 16:44:59,917:INFO:                pyod: 1.1.3
2024-04-10 16:44:59,917:INFO:            imblearn: 0.12.2
2024-04-10 16:44:59,917:INFO:   category_encoders: 2.6.3
2024-04-10 16:44:59,917:INFO:            lightgbm: 4.3.0
2024-04-10 16:44:59,917:INFO:               numba: 0.59.1
2024-04-10 16:44:59,917:INFO:            requests: 2.31.0
2024-04-10 16:44:59,917:INFO:          matplotlib: 3.7.5
2024-04-10 16:44:59,917:INFO:          scikitplot: 0.3.7
2024-04-10 16:44:59,918:INFO:         yellowbrick: 1.5
2024-04-10 16:44:59,918:INFO:              plotly: 5.19.0
2024-04-10 16:44:59,918:INFO:    plotly-resampler: Not installed
2024-04-10 16:44:59,918:INFO:             kaleido: 0.2.1
2024-04-10 16:44:59,918:INFO:           schemdraw: 0.15
2024-04-10 16:44:59,918:INFO:         statsmodels: 0.14.1
2024-04-10 16:44:59,918:INFO:              sktime: 0.28.0
2024-04-10 16:44:59,918:INFO:               tbats: 1.1.3
2024-04-10 16:44:59,918:INFO:            pmdarima: 2.0.4
2024-04-10 16:44:59,918:INFO:              psutil: 5.9.8
2024-04-10 16:44:59,918:INFO:          markupsafe: 2.1.3
2024-04-10 16:44:59,918:INFO:             pickle5: Not installed
2024-04-10 16:44:59,918:INFO:         cloudpickle: 3.0.0
2024-04-10 16:44:59,918:INFO:         deprecation: 2.1.0
2024-04-10 16:44:59,918:INFO:              xxhash: 3.4.1
2024-04-10 16:44:59,918:INFO:           wurlitzer: 3.0.3
2024-04-10 16:44:59,918:INFO:PyCaret optional dependencies:
2024-04-10 16:44:59,928:INFO:                shap: Not installed
2024-04-10 16:44:59,928:INFO:           interpret: Not installed
2024-04-10 16:44:59,928:INFO:                umap: Not installed
2024-04-10 16:44:59,928:INFO:     ydata_profiling: Not installed
2024-04-10 16:44:59,928:INFO:  explainerdashboard: Not installed
2024-04-10 16:44:59,928:INFO:             autoviz: Not installed
2024-04-10 16:44:59,928:INFO:           fairlearn: Not installed
2024-04-10 16:44:59,928:INFO:          deepchecks: Not installed
2024-04-10 16:44:59,928:INFO:             xgboost: Not installed
2024-04-10 16:44:59,928:INFO:            catboost: Not installed
2024-04-10 16:44:59,928:INFO:              kmodes: Not installed
2024-04-10 16:44:59,928:INFO:             mlxtend: Not installed
2024-04-10 16:44:59,928:INFO:       statsforecast: Not installed
2024-04-10 16:44:59,928:INFO:        tune_sklearn: Not installed
2024-04-10 16:44:59,928:INFO:                 ray: Not installed
2024-04-10 16:44:59,928:INFO:            hyperopt: Not installed
2024-04-10 16:44:59,928:INFO:              optuna: Not installed
2024-04-10 16:44:59,928:INFO:               skopt: Not installed
2024-04-10 16:44:59,928:INFO:              mlflow: Not installed
2024-04-10 16:44:59,928:INFO:              gradio: Not installed
2024-04-10 16:44:59,928:INFO:             fastapi: Not installed
2024-04-10 16:44:59,928:INFO:             uvicorn: Not installed
2024-04-10 16:44:59,928:INFO:              m2cgen: Not installed
2024-04-10 16:44:59,928:INFO:           evidently: Not installed
2024-04-10 16:44:59,928:INFO:               fugue: Not installed
2024-04-10 16:44:59,929:INFO:           streamlit: Installed but version unavailable
2024-04-10 16:44:59,929:INFO:             prophet: Not installed
2024-04-10 16:44:59,929:INFO:None
2024-04-10 16:44:59,929:INFO:Set up data.
2024-04-10 16:52:02,218:INFO:PyCaret ClassificationExperiment
2024-04-10 16:52:02,218:INFO:Logging name: clf-default-name
2024-04-10 16:52:02,218:INFO:ML Usecase: MLUsecase.CLASSIFICATION
2024-04-10 16:52:02,218:INFO:version 3.3.0
2024-04-10 16:52:02,218:INFO:Initializing setup()
2024-04-10 16:52:02,218:INFO:self.USI: 61d7
2024-04-10 16:52:02,218:INFO:self._variable_keys: {'idx', 'is_multiclass', 'data', 'logging_param', 'y_train', 'html_param', 'seed', 'memory', 'exp_name_log', 'gpu_param', 'pipeline', 'X_test', 'fold_generator', 'exp_id', 'fix_imbalance', '_ml_usecase', 'n_jobs_param', 'target_param', 'fold_shuffle_param', 'y', 'fold_groups_param', 'X', '_available_plots', 'log_plots_param', 'gpu_n_jobs_param', 'y_test', 'USI', 'X_train'}
2024-04-10 16:52:02,218:INFO:Checking environment
2024-04-10 16:52:02,218:INFO:python_version: 3.11.8
2024-04-10 16:52:02,218:INFO:python_build: ('main', 'Feb 26 2024 21:39:34')
2024-04-10 16:52:02,218:INFO:machine: x86_64
2024-04-10 16:52:02,218:INFO:platform: Linux-6.5.0-27-generic-x86_64-with-glibc2.35
2024-04-10 16:52:02,218:INFO:Memory: svmem(total=67352395776, available=50957271040, percent=24.3, used=14983118848, free=43752853504, active=16720654336, inactive=5039546368, buffers=517750784, cached=8098672640, shared=668852224, slab=1233154048)
2024-04-10 16:52:02,220:INFO:Physical Core: 12
2024-04-10 16:52:02,220:INFO:Logical Core: 24
2024-04-10 16:52:02,220:INFO:Checking libraries
2024-04-10 16:52:02,220:INFO:System:
2024-04-10 16:52:02,220:INFO:    python: 3.11.8 (main, Feb 26 2024, 21:39:34) [GCC 11.2.0]
2024-04-10 16:52:02,220:INFO:executable: /home/julien/anaconda3/envs/maintenance_env/bin/python
2024-04-10 16:52:02,220:INFO:   machine: Linux-6.5.0-27-generic-x86_64-with-glibc2.35
2024-04-10 16:52:02,220:INFO:PyCaret required dependencies:
2024-04-10 16:52:02,220:INFO:                 pip: 23.3.1
2024-04-10 16:52:02,220:INFO:          setuptools: 68.2.2
2024-04-10 16:52:02,220:INFO:             pycaret: 3.3.0
2024-04-10 16:52:02,220:INFO:             IPython: 8.21.0
2024-04-10 16:52:02,220:INFO:          ipywidgets: 8.1.2
2024-04-10 16:52:02,220:INFO:                tqdm: 4.66.2
2024-04-10 16:52:02,220:INFO:               numpy: 1.26.4
2024-04-10 16:52:02,220:INFO:              pandas: 2.1.4
2024-04-10 16:52:02,220:INFO:              jinja2: 3.1.3
2024-04-10 16:52:02,220:INFO:               scipy: 1.11.4
2024-04-10 16:52:02,220:INFO:              joblib: 1.3.2
2024-04-10 16:52:02,220:INFO:             sklearn: 1.4.1.post1
2024-04-10 16:52:02,220:INFO:                pyod: 1.1.3
2024-04-10 16:52:02,220:INFO:            imblearn: 0.12.2
2024-04-10 16:52:02,220:INFO:   category_encoders: 2.6.3
2024-04-10 16:52:02,220:INFO:            lightgbm: 4.3.0
2024-04-10 16:52:02,220:INFO:               numba: 0.59.1
2024-04-10 16:52:02,220:INFO:            requests: 2.31.0
2024-04-10 16:52:02,221:INFO:          matplotlib: 3.7.5
2024-04-10 16:52:02,221:INFO:          scikitplot: 0.3.7
2024-04-10 16:52:02,221:INFO:         yellowbrick: 1.5
2024-04-10 16:52:02,221:INFO:              plotly: 5.19.0
2024-04-10 16:52:02,221:INFO:    plotly-resampler: Not installed
2024-04-10 16:52:02,221:INFO:             kaleido: 0.2.1
2024-04-10 16:52:02,221:INFO:           schemdraw: 0.15
2024-04-10 16:52:02,221:INFO:         statsmodels: 0.14.1
2024-04-10 16:52:02,221:INFO:              sktime: 0.28.0
2024-04-10 16:52:02,221:INFO:               tbats: 1.1.3
2024-04-10 16:52:02,221:INFO:            pmdarima: 2.0.4
2024-04-10 16:52:02,221:INFO:              psutil: 5.9.8
2024-04-10 16:52:02,221:INFO:          markupsafe: 2.1.3
2024-04-10 16:52:02,221:INFO:             pickle5: Not installed
2024-04-10 16:52:02,221:INFO:         cloudpickle: 3.0.0
2024-04-10 16:52:02,221:INFO:         deprecation: 2.1.0
2024-04-10 16:52:02,221:INFO:              xxhash: 3.4.1
2024-04-10 16:52:02,221:INFO:           wurlitzer: 3.0.3
2024-04-10 16:52:02,221:INFO:PyCaret optional dependencies:
2024-04-10 16:52:02,221:INFO:                shap: Not installed
2024-04-10 16:52:02,221:INFO:           interpret: Not installed
2024-04-10 16:52:02,221:INFO:                umap: Not installed
2024-04-10 16:52:02,221:INFO:     ydata_profiling: Not installed
2024-04-10 16:52:02,221:INFO:  explainerdashboard: Not installed
2024-04-10 16:52:02,221:INFO:             autoviz: Not installed
2024-04-10 16:52:02,221:INFO:           fairlearn: Not installed
2024-04-10 16:52:02,221:INFO:          deepchecks: Not installed
2024-04-10 16:52:02,221:INFO:             xgboost: Not installed
2024-04-10 16:52:02,221:INFO:            catboost: Not installed
2024-04-10 16:52:02,221:INFO:              kmodes: Not installed
2024-04-10 16:52:02,221:INFO:             mlxtend: Not installed
2024-04-10 16:52:02,221:INFO:       statsforecast: Not installed
2024-04-10 16:52:02,221:INFO:        tune_sklearn: Not installed
2024-04-10 16:52:02,221:INFO:                 ray: Not installed
2024-04-10 16:52:02,221:INFO:            hyperopt: Not installed
2024-04-10 16:52:02,221:INFO:              optuna: Not installed
2024-04-10 16:52:02,221:INFO:               skopt: Not installed
2024-04-10 16:52:02,221:INFO:              mlflow: Not installed
2024-04-10 16:52:02,222:INFO:              gradio: Not installed
2024-04-10 16:52:02,222:INFO:             fastapi: Not installed
2024-04-10 16:52:02,222:INFO:             uvicorn: Not installed
2024-04-10 16:52:02,222:INFO:              m2cgen: Not installed
2024-04-10 16:52:02,222:INFO:           evidently: Not installed
2024-04-10 16:52:02,222:INFO:               fugue: Not installed
2024-04-10 16:52:02,222:INFO:           streamlit: Installed but version unavailable
2024-04-10 16:52:02,222:INFO:             prophet: Not installed
2024-04-10 16:52:02,222:INFO:None
2024-04-10 16:52:02,222:INFO:Set up data.
